/index.html
/login.js
/wo.jpg
/getData
/favicon.ico
/index.html
/login.js
/wo.jpg
/getData
/index.html
/login.js
/wo.jpg
/getData
/index.html
/login.js
/wo.jpg
/getData
/index.html
/login.js
/wo.jpg
/getData
/favicon.ico
/index.html
/wo.jpg
/login.js
/getData
/index.html
/login.js
/wo.jpg
/getData
/index.html
/login.js
/wo.jpg
/getData
/index.html
/login.js
/wo.jpg
/getData2
/index.html
/login.js
/wo.jpg
/getData2
/index.html
/login.js
/wo.jpg
/getData2
/index.html
/login.js
/wo.jpg
/index.html
/login.js
/wo.jpg
/getData2
/favicon.ico
/
/favicon.ico
/index.html
/login.js
/wo.jpg
/login.html
/login
/login
/login.html
/login
/login
/login.html
/login
/login
/login.html
/login.html
/login.html
/login.html
/login
/login
/login.html
/login
/login.html
/login.html
/login
/login
/login.html
/login
/login
/login
/login.html
/login.html
/login.html
/login
/login
/login.html
/login
/login.html
/login
/login.html
/login
/login.html
